2022-10-29 18:20:39.340 (0x7fffe7861070) Debug: New PolkitAgentListener  0x56511bb2ca00
2022-10-29 18:20:39.340 (0x7fffe7861070) Debug: Adding new listener  PolkitQt1::Agent::Listener(0x7fffe7861080) for  0x56511bb2ca00
2022-10-29 18:20:39.465 (0x7ffc68357f30) Warning: Icon theme "elementary" not found.
2022-10-29 18:20:39.465 (0x7ffc68357f30) Warning: Icon theme "gnome" not found.
2022-10-29 18:20:39.613 (0x7ffc68357f30) Debug: XdgDesktopFile "/usr/share/applications/firefox.desktop" is not valid
2022-10-29 18:20:39.796 (0x7ffd5b702900) Warning: Icon theme "elementary" not found.
2022-10-29 18:20:39.796 (0x7ffd5b702900) Warning: Icon theme "gnome" not found.
2022-10-29 18:20:39.831 (0x7ffd5b702900) Debug: systemd: "CanHibernate" = "no"
2022-10-29 18:20:39.832 (0x7ffd5b702900) Warning: dbusGetProperty: QDBusInterface is invalid "org.freedesktop.UPower" "/org/freedesktop/UPower" "org.freedesktop.DBus.Properties" "CanHibernate"
2022-10-29 18:20:39.832 (0x7ffd5b702900) Warning: dbusCall: QDBusInterface is invalid "org.freedesktop.ConsoleKit" "/org/freedesktop/ConsoleKit/Manager" "org.freedesktop.ConsoleKit.Manager" "CanHibernate"
2022-10-29 18:20:39.845 (0x7ffd5b702900) Debug: systemd: "CanSuspend" = "yes"
2022-10-29 18:20:39.867 (0x7ffef0b75230) Debug: systemd: "CanReboot" = "yes"
2022-10-29 18:20:39.878 (0x7ffef0b75230) Debug: systemd: "CanPowerOff" = "yes"
2022-10-29 18:20:40.038 (0x7ffc68357f30) Debug: ()
2022-10-29 18:20:40.157 (0x7ffc68357f30) Debug: WinIdChange 1000008 handle QWidgetWindow(0x55e92c47b080, name="LXQtPanel panel1Window") QScreen(0x55e92c238d20, name="Virtual-1")
2022-10-29 18:20:40.175 (0x7ffc68357f30) Debug: Systray started
2022-10-29 18:20:40.556 (0x7ffff675a250) Warning: Icon theme "elementary" not found.
2022-10-29 18:20:40.556 (0x7ffff675a250) Warning: Icon theme "gnome" not found.
2022-10-29 18:20:40.619 (0x7fff1376ccf0) Warning: Icon theme "elementary" not found.
2022-10-29 18:20:40.620 (0x7fff1376ccf0) Warning: Icon theme "gnome" not found.
2022-10-29 18:20:40.633 (0x7fff1376ccf0) Debug: BatteryChanged discharging: true chargeLevel: nan actionTime: QTime(Invalid)
2022-10-29 18:20:40.639 (0x7fff1376ccf0) Debug: Inhibit got: 23
2022-10-29 18:20:40.779 (0x7fff1376ccf0) Debug: Starting idlenesswatcher
2022-10-29 18:20:41.266 (0x7ffc68357f30) Debug: Unknown property margin-button
2022-10-29 18:20:41.266 (0x7ffc68357f30) Debug: Unknown property margin-button
2022-10-29 18:20:41.266 (0x7ffc68357f30) Debug: Unknown property margin-button
2022-10-29 18:22:35.723 (0x7ffc68357f30) Warning: The X11 connection broke: I/O error (code 1)
2022-10-29 18:25:14.606 (0x7fff43ce5cb0) Debug: New PolkitAgentListener  0x55c1e39fe000
2022-10-29 18:25:14.618 (0x7fff43ce5cb0) Debug: Adding new listener  PolkitQt1::Agent::Listener(0x7fff43ce5cc0) for  0x55c1e39fe000
2022-10-29 18:25:14.752 (0x7ffc8ae19d90) Warning: Icon theme "elementary" not found.
2022-10-29 18:25:14.752 (0x7ffc8ae19d90) Warning: Icon theme "gnome" not found.
2022-10-29 18:25:14.895 (0x7ffc8ae19d90) Debug: XdgDesktopFile "/usr/share/applications/firefox.desktop" is not valid
2022-10-29 18:25:15.074 (0x7ffeb6cf2cb0) Warning: Icon theme "elementary" not found.
2022-10-29 18:25:15.074 (0x7ffeb6cf2cb0) Warning: Icon theme "gnome" not found.
2022-10-29 18:25:15.131 (0x7ffeb6cf2cb0) Debug: systemd: "CanHibernate" = "no"
2022-10-29 18:25:15.136 (0x7ffeb6cf2cb0) Warning: dbusGetProperty: QDBusInterface is invalid "org.freedesktop.UPower" "/org/freedesktop/UPower" "org.freedesktop.DBus.Properties" "CanHibernate"
2022-10-29 18:25:15.147 (0x7ffeb6cf2cb0) Warning: dbusCall: QDBusInterface is invalid "org.freedesktop.ConsoleKit" "/org/freedesktop/ConsoleKit/Manager" "org.freedesktop.ConsoleKit.Manager" "CanHibernate"
2022-10-29 18:25:15.162 (0x7ffeb6cf2cb0) Debug: systemd: "CanSuspend" = "yes"
2022-10-29 18:25:15.182 (0x7ffec27b85d0) Debug: systemd: "CanReboot" = "yes"
2022-10-29 18:25:15.197 (0x7ffec27b85d0) Debug: systemd: "CanPowerOff" = "yes"
2022-10-29 18:25:15.275 (0x7ffc8ae19d90) Debug: ()
2022-10-29 18:25:15.357 (0x7ffc8ae19d90) Debug: WinIdChange 1800008 handle QWidgetWindow(0x55c24d2ba760, name="LXQtPanel panel1Window") QScreen(0x55c24d074d20, name="Virtual-1")
2022-10-29 18:25:15.374 (0x7ffc8ae19d90) Debug: Systray started
2022-10-29 18:25:15.562 (0x7fffebab0ec0) Debug: Starting idlenesswatcher
2022-10-29 18:25:16.438 (0x7ffc8ae19d90) Debug: Unknown property margin-button
2022-10-29 18:25:16.438 (0x7ffc8ae19d90) Debug: Unknown property margin-button
2022-10-29 18:25:16.438 (0x7ffc8ae19d90) Debug: Unknown property margin-button
2022-10-29 18:25:19.366 (0x7ffcd9ece520) Warning: Icon theme "elementary" not found.
2022-10-29 18:25:19.366 (0x7ffcd9ece520) Warning: Icon theme "gnome" not found.
2022-10-29 18:39:40.440 (0x7fff43ce5cb0) Debug: Listener adapter polkit_qt_listener_initiate_authentication
2022-10-29 18:39:40.440 (0x7fff43ce5cb0) Debug: GSimpleAsyncResult: 0x55c1e3aa09e0
2022-10-29 18:39:40.440 (0x7fff43ce5cb0) Debug: polkit_qt_listener_initiate_authentication callback for  0x55c1e39fe000
2022-10-29 18:39:40.450 (0x7fff43ce5cb0) Warning: Icon theme "elementary" not found.
2022-10-29 18:39:40.450 (0x7fff43ce5cb0) Warning: Icon theme "gnome" not found.
2022-10-29 18:39:40.473 (0x7fff43ce5cb0) Debug: REQUEST
2022-10-29 18:39:47.600 (0x7fff43ce5cb0) Debug: COMPLETED
2022-10-29 18:39:49.682 (0x7fff43ce5cb0) Debug: Listener adapter polkit_qt_listener_initiate_authentication_finish
2022-10-29 18:39:49.682 (0x7fff43ce5cb0) Debug: polkit_qt_listener_initiate_authentication_finish callback for  0x55c1e39fe000
2022-10-29 18:39:52.036 (0x7fff43ce5cb0) Debug: Listener adapter polkit_qt_listener_initiate_authentication
2022-10-29 18:39:52.036 (0x7fff43ce5cb0) Debug: GSimpleAsyncResult: 0x55c1e3aa0b30
2022-10-29 18:39:52.036 (0x7fff43ce5cb0) Debug: polkit_qt_listener_initiate_authentication callback for  0x55c1e39fe000
2022-10-29 18:39:52.042 (0x7fff43ce5cb0) Debug: REQUEST
2022-10-29 18:39:55.804 (0x7fff43ce5cb0) Debug: COMPLETED
2022-10-29 18:39:56.711 (0x7fff43ce5cb0) Debug: Listener adapter polkit_qt_listener_initiate_authentication_finish
2022-10-29 18:39:56.711 (0x7fff43ce5cb0) Debug: polkit_qt_listener_initiate_authentication_finish callback for  0x55c1e39fe000
2022-10-29 18:40:00.586 (0x7fff43ce5cb0) Debug: Listener adapter polkit_qt_listener_initiate_authentication
2022-10-29 18:40:00.586 (0x7fff43ce5cb0) Debug: GSimpleAsyncResult: 0x55c1e3aa1030
2022-10-29 18:40:00.586 (0x7fff43ce5cb0) Debug: polkit_qt_listener_initiate_authentication callback for  0x55c1e39fe000
2022-10-29 18:40:00.592 (0x7fff43ce5cb0) Debug: REQUEST
2022-10-29 18:40:06.887 (0x7fff43ce5cb0) Debug: COMPLETED
2022-10-29 18:40:06.887 (0x7fff43ce5cb0) Debug: Listener adapter polkit_qt_listener_initiate_authentication_finish
2022-10-29 18:40:06.887 (0x7fff43ce5cb0) Debug: polkit_qt_listener_initiate_authentication_finish callback for  0x55c1e39fe000
2022-10-29 20:59:17.357 (0x7ffc8ae19d90) Debug: Unknown property margin-button
2022-10-29 20:59:17.357 (0x7ffc8ae19d90) Debug: Unknown property margin-button
2022-10-29 20:59:17.357 (0x7ffc8ae19d90) Debug: Unknown property margin-button
2022-10-29 23:28:36.111 (0x7fff43ce5cb0) Debug: Listener adapter polkit_qt_listener_initiate_authentication
2022-10-29 23:28:36.111 (0x7fff43ce5cb0) Debug: GSimpleAsyncResult: 0x55c1e3aa10a0
2022-10-29 23:28:36.111 (0x7fff43ce5cb0) Debug: polkit_qt_listener_initiate_authentication callback for  0x55c1e39fe000
2022-10-29 23:28:36.126 (0x7fff43ce5cb0) Debug: REQUEST
2022-10-29 23:28:45.951 (0x7fff43ce5cb0) Debug: COMPLETED
2022-10-29 23:28:45.951 (0x7fff43ce5cb0) Debug: Listener adapter polkit_qt_listener_initiate_authentication_finish
2022-10-29 23:28:45.951 (0x7fff43ce5cb0) Debug: polkit_qt_listener_initiate_authentication_finish callback for  0x55c1e39fe000
2022-10-29 23:28:57.530 (0x7fff43ce5cb0) Debug: Listener adapter polkit_qt_listener_initiate_authentication
2022-10-29 23:28:57.530 (0x7fff43ce5cb0) Debug: GSimpleAsyncResult: 0x55c1e3aa10a0
2022-10-29 23:28:57.530 (0x7fff43ce5cb0) Debug: polkit_qt_listener_initiate_authentication callback for  0x55c1e39fe000
2022-10-29 23:28:57.542 (0x7fff43ce5cb0) Debug: REQUEST
2022-10-29 23:28:59.770 (0x7fff43ce5cb0) Debug: COMPLETED
2022-10-29 23:28:59.770 (0x7fff43ce5cb0) Debug: Listener adapter polkit_qt_listener_initiate_authentication_finish
2022-10-29 23:28:59.770 (0x7fff43ce5cb0) Debug: polkit_qt_listener_initiate_authentication_finish callback for  0x55c1e39fe000
2022-10-29 23:29:07.040 (0x7fff43ce5cb0) Debug: Listener adapter polkit_qt_listener_initiate_authentication
2022-10-29 23:29:07.040 (0x7fff43ce5cb0) Debug: GSimpleAsyncResult: 0x55c1e3aa1260
2022-10-29 23:29:07.040 (0x7fff43ce5cb0) Debug: polkit_qt_listener_initiate_authentication callback for  0x55c1e39fe000
2022-10-29 23:29:07.053 (0x7fff43ce5cb0) Debug: REQUEST
2022-10-29 23:29:13.235 (0x7fff43ce5cb0) Debug: COMPLETED
2022-10-29 23:29:15.635 (0x7fff43ce5cb0) Debug: Listener adapter polkit_qt_listener_initiate_authentication_finish
2022-10-29 23:29:15.635 (0x7fff43ce5cb0) Debug: polkit_qt_listener_initiate_authentication_finish callback for  0x55c1e39fe000
2022-10-29 23:32:13.851 (0x7ffc8ae19d90) Debug: Unknown property margin-button
2022-10-29 23:32:13.851 (0x7ffc8ae19d90) Debug: Unknown property margin-button
2022-10-29 23:32:13.851 (0x7ffc8ae19d90) Debug: Unknown property margin-button
2022-10-29 23:32:56.270 (0x7ffc8ae19d90) Debug: Unknown property margin-button
2022-10-29 23:32:56.270 (0x7ffc8ae19d90) Debug: Unknown property margin-button
2022-10-29 23:32:56.270 (0x7ffc8ae19d90) Debug: Unknown property margin-button
2022-10-29 23:33:11.797 (0x7ffc8ae19d90) Debug: Unknown property margin-button
2022-10-29 23:33:11.797 (0x7ffc8ae19d90) Debug: Unknown property margin-button
2022-10-29 23:33:11.797 (0x7ffc8ae19d90) Debug: Unknown property margin-button
2022-10-30 00:30:02.850 (0x7ffe5b3f7180) Warning: Icon theme "elementary" not found.
2022-10-30 00:30:02.851 (0x7ffe5b3f7180) Warning: Icon theme "gnome" not found.
2022-10-30 00:30:05.180 (0x7ffec27b85d0) Debug: systemd: "CanPowerOff" = "yes"
2022-10-30 00:30:05.324 (0x7ffec27b85d0) Debug: systemd: "CanPowerOff" = "yes"
2022-10-30 08:32:05.480 (0x7ffd8908c3f0) Warning: QXcbConnection: XCB error: 148 (Unknown), sequence: 190, resource id: 0, major code: 140 (Unknown), minor code: 20
2022-10-30 08:32:06.118 (0x7ffe0188d170) Debug: New PolkitAgentListener  0x55c9745a3a00
2022-10-30 08:32:06.118 (0x7ffe0188d170) Debug: Adding new listener  PolkitQt1::Agent::Listener(0x7ffe0188d180) for  0x55c9745a3a00
2022-10-30 08:32:06.140 (0x7ffe0188d170) Warning: QXcbConnection: XCB error: 148 (Unknown), sequence: 191, resource id: 0, major code: 140 (Unknown), minor code: 20
2022-10-30 08:32:06.193 (0x7ffc1ff60130) Warning: QXcbConnection: XCB error: 148 (Unknown), sequence: 191, resource id: 0, major code: 140 (Unknown), minor code: 20
2022-10-30 08:32:07.045 (0x7ffc4e722430) Warning: Icon theme "elementary" not found.
2022-10-30 08:32:07.045 (0x7ffc4e722430) Warning: Icon theme "gnome" not found.
2022-10-30 08:32:07.757 (0x7ffc4e722430) Debug: XdgDesktopFile "/usr/share/applications/firefox.desktop" is not valid
2022-10-30 08:32:08.491 (0x7fffe6b842d0) Warning: QXcbConnection: XCB error: 148 (Unknown), sequence: 191, resource id: 0, major code: 140 (Unknown), minor code: 20
2022-10-30 08:32:08.619 (0x7fff4faf5390) Warning: Icon theme "elementary" not found.
2022-10-30 08:32:08.619 (0x7fff4faf5390) Warning: Icon theme "gnome" not found.
2022-10-30 08:32:08.645 (0x7fff4faf5390) Debug: systemd: "CanHibernate" = "no"
2022-10-30 08:32:08.646 (0x7fff4faf5390) Warning: ** Dbus error **************************
2022-10-30 08:32:08.647 (0x7fff4faf5390) Warning: Error name  "org.freedesktop.DBus.Error.InvalidArgs"
2022-10-30 08:32:08.647 (0x7fff4faf5390) Warning: Error msg   "No such interface “org.freedesktop.DBus.Properties”"
2022-10-30 08:32:08.647 (0x7fff4faf5390) Warning: ****************************************
2022-10-30 08:32:08.647 (0x7fff4faf5390) Warning: dbusCall: QDBusInterface is invalid "org.freedesktop.ConsoleKit" "/org/freedesktop/ConsoleKit/Manager" "org.freedesktop.ConsoleKit.Manager" "CanHibernate"
2022-10-30 08:32:08.654 (0x7fff4faf5390) Debug: systemd: "CanSuspend" = "yes"
2022-10-30 08:32:08.756 (0x7ffd8908c3f0) Debug: systemd: "CanReboot" = "yes"
2022-10-30 08:32:08.772 (0x7ffc4e722430) Debug: ()
2022-10-30 08:32:08.839 (0x7ffd8908c3f0) Debug: systemd: "CanPowerOff" = "yes"
2022-10-30 08:32:08.886 (0x7ffc4e722430) Debug: WinIdChange 2000008 handle QWidgetWindow(0x559eb65bf9f0, name="LXQtPanel panel1Window") QScreen(0x559eb6372810, name=":0.0")
2022-10-30 08:32:08.908 (0x7ffc4e722430) Debug: Systray started
2022-10-30 08:32:08.970 (0x7fff4faf5390) Warning: QXcbConnection: XCB error: 148 (Unknown), sequence: 191, resource id: 0, major code: 140 (Unknown), minor code: 20
2022-10-30 08:32:09.065 (0x7ffc4e722430) Warning: QXcbConnection: XCB error: 148 (Unknown), sequence: 191, resource id: 0, major code: 140 (Unknown), minor code: 20
2022-10-30 08:32:09.238 (0x7ffe2d1e13e0) Debug: Starting idlenesswatcher
2022-10-30 08:32:10.565 (0x7ffc4e722430) Debug: Unknown property margin-button
2022-10-30 08:32:10.566 (0x7ffc4e722430) Debug: Unknown property margin-button
2022-10-30 08:32:10.566 (0x7ffc4e722430) Debug: Unknown property margin-button
2022-10-30 08:32:11.458 (0x7ffc1ff60130) Warning: Icon theme "elementary" not found.
2022-10-30 08:32:11.458 (0x7ffc1ff60130) Warning: Icon theme "gnome" not found.
2022-10-30 09:22:37.668 (0x7ffdf182b3e0) Warning: Icon theme "elementary" not found.
2022-10-30 09:22:37.668 (0x7ffdf182b3e0) Warning: Icon theme "gnome" not found.
2022-10-30 09:22:39.064 (0x7ffd8908c3f0) Debug: systemd: "CanPowerOff" = "yes"
2022-10-30 09:22:39.205 (0x7ffd8908c3f0) Debug: systemd: "CanPowerOff" = "yes"
2022-10-30 09:42:49.030 (0x7fffba056180) Debug: New PolkitAgentListener  0x56188fd78e00
2022-10-30 09:42:49.035 (0x7fffba056180) Debug: Adding new listener  PolkitQt1::Agent::Listener(0x7fffba056190) for  0x56188fd78e00
2022-10-30 09:42:49.166 (0x7ffdc1089b30) Warning: Icon theme "elementary" not found.
2022-10-30 09:42:49.166 (0x7ffdc1089b30) Warning: Icon theme "gnome" not found.
2022-10-30 09:42:49.330 (0x7ffdc1089b30) Debug: XdgDesktopFile "/usr/share/applications/firefox.desktop" is not valid
2022-10-30 09:42:49.457 (0x7ffcc570f560) Warning: Icon theme "elementary" not found.
2022-10-30 09:42:49.457 (0x7ffcc570f560) Warning: Icon theme "gnome" not found.
2022-10-30 09:42:49.538 (0x7ffcc570f560) Debug: systemd: "CanHibernate" = "no"
2022-10-30 09:42:49.546 (0x7ffcc570f560) Warning: dbusGetProperty: QDBusInterface is invalid "org.freedesktop.UPower" "/org/freedesktop/UPower" "org.freedesktop.DBus.Properties" "CanHibernate"
2022-10-30 09:42:49.571 (0x7ffcc570f560) Warning: dbusCall: QDBusInterface is invalid "org.freedesktop.ConsoleKit" "/org/freedesktop/ConsoleKit/Manager" "org.freedesktop.ConsoleKit.Manager" "CanHibernate"
2022-10-30 09:42:49.586 (0x7ffcc570f560) Debug: systemd: "CanSuspend" = "yes"
2022-10-30 09:42:49.604 (0x7ffee65cf510) Debug: systemd: "CanReboot" = "yes"
2022-10-30 09:42:49.615 (0x7ffee65cf510) Debug: systemd: "CanPowerOff" = "yes"
2022-10-30 09:42:49.693 (0x7ffdc1089b30) Debug: ()
2022-10-30 09:42:49.803 (0x7ffdc1089b30) Debug: WinIdChange 1800008 handle QWidgetWindow(0x5623062d4680, name="LXQtPanel panel1Window") QScreen(0x562306086c90, name="Virtual-1")
2022-10-30 09:42:49.821 (0x7ffdc1089b30) Debug: Systray started
2022-10-30 09:42:49.998 (0x7ffd76f9d910) Debug: Starting idlenesswatcher
2022-10-30 09:42:50.891 (0x7ffdc1089b30) Debug: Unknown property margin-button
2022-10-30 09:42:50.891 (0x7ffdc1089b30) Debug: Unknown property margin-button
2022-10-30 09:42:50.891 (0x7ffdc1089b30) Debug: Unknown property margin-button
2022-10-30 09:42:54.270 (0x7ffe153a7d60) Warning: Icon theme "elementary" not found.
2022-10-30 09:42:54.270 (0x7ffe153a7d60) Warning: Icon theme "gnome" not found.
