00:00:00.000163 main     VirtualBox XPCOM Server 6.1.38_Ubuntu r153438 linux.amd64 (Sep  7 2022 11:18:57) release log
00:00:00.000166 main     Log opened 2022-10-29T19:01:46.612195000Z
00:00:00.000166 main     Build Type: release
00:00:00.000168 main     OS Product: Linux
00:00:00.000169 main     OS Release: 5.4.0-131-generic
00:00:00.000169 main     OS Version: #147-Ubuntu SMP Fri Oct 14 17:07:22 UTC 2022
00:00:00.000192 main     DMI Product Name: VirtualBox
00:00:00.000197 main     DMI Product Version: 1.2
00:00:00.000203 main     Firmware type: BIOS
00:00:00.000233 main     Host RAM: 3932MB (3.8GB) total, 3442MB (3.3GB) available
00:00:00.000235 main     Executable: /usr/lib/virtualbox/VBoxSVC
00:00:00.000236 main     Process ID: 11843
00:00:00.000236 main     Package type: LINUX_64BITS_GENERIC (OSE)
00:00:00.001318 main     IPC socket path: /tmp/.vbox-fran-ipc/ipcd
00:00:00.104981 nspr-2   VirtualBox: object creation starts
00:00:00.105048 nspr-2   Home directory: '/home/fran/.config/VirtualBox'
00:00:00.105168 nspr-2   Loading settings file "/home/fran/.config/VirtualBox/VirtualBox.xml" with version "1.12-linux"
00:00:00.106862 nspr-2   Failed to retrive disk info: getDiskName(/dev/mapper/ubuntu--vg-ubuntu--lv) --> ubuntu--vg-ubuntu--lv
00:00:00.114085 nspr-2   HostDnsMonitor: initializing
00:00:00.114209 nspr-2   NAT: resolv.conf: nameserver 127.0.0.53
00:00:00.114215 nspr-2   NAT: resolv.conf: ignoring "options edns0 trust-ad"
00:00:00.114220 nspr-2   HostDnsMonitor: updating information
00:00:00.114228 nspr-2   HostDnsMonitor: old information
00:00:00.114230 nspr-2     no server entries
00:00:00.114232 nspr-2     no domain set
00:00:00.114233 nspr-2     no search string entries
00:00:00.114235 nspr-2   HostDnsMonitor: new information
00:00:00.114236 nspr-2     server 1: 127.0.0.53
00:00:00.114238 nspr-2     no domain set
00:00:00.114240 nspr-2     no search string entries
00:00:00.116130 nspr-2   VD: VDInit finished with VINF_SUCCESS
00:00:00.116191 nspr-2   ERROR [COM]: aRC=NS_ERROR_FAILURE (0x80004005) aIID={027bc463-929c-40e8-bf16-fea557cd8e7e} aComponent={SystemPropertiesWrap} aText={Cannot determine default Guest Additions ISO location. Most likely they are not available}, preserve=false aResultDetail=0
00:00:00.116563 nspr-2   VirtualBox: object created
00:00:04.506199 nspr-3   Saving settings file "/home/fran/.config/VirtualBox/VirtualBox.xml" with version "1.12-linux"
00:00:04.550979 nspr-3   Saving settings file "/home/fran/.config/VirtualBox/VirtualBox.xml" with version "1.12-linux"
00:00:10.069684 main     VirtualBox: object deletion starts
00:00:10.069879 main     HostDnsMonitor: shutting down ...
00:00:10.083448 main     HostDnsMonitor: shut down
00:00:10.143930 Watcher  ERROR [COM]: aRC=E_ACCESSDENIED (0x80070005) aIID={d0a0163f-e254-4e5b-a1f2-011cf991c38d} aComponent={VirtualBoxWrap} aText={The object is not ready}, preserve=false aResultDetail=0
00:00:15.084356 main     {00007fde40017b40} HostPowerServiceLinux::~HostPowerServiceLinux: RTThreadWait() for 5000 ms failed with VERR_TIMEOUT
00:00:15.084943 main     VirtualBox: object deleted
